flutter/build/app/outputs/mapping/release/seeds.txt
com.example.localControl.MainActivity
com.example.localControl.MainActivity: MainActivity()
...
androidx.window.layout.ExtensionWindowLayoutInfoBackend$MulticastConsumer: void accept(androidx.window.extensions.layout.WindowLayoutInfo)
androidx.window.layout.ExtensionsWindowLayoutInfoAdapter: androidx.window.layout.FoldingFeature translate$window_release(android.app.Activity,androidx.window.extensions.layout.FoldingFeature)
io.flutter.embedding.engine.systemchannels.PlatformChannel$SystemUiMode: io.flutter.embedding.engine.systemchannels.PlatformChannel$SystemUiMode valueOf(java.lang.String)
androidx.core.app.RemoteActionCompatParcelizer: void write(androidx.core.app.RemoteActionCompat,androidx.versionedparcelable.VersionedParcel)
io.flutter.embedding.engine.FlutterJNI: boolean isCodePointEmojiModifierBase(int)
io.flutter.embedding.engine.systemchannels.PlatformChannel$ClipboardContentFormat: io.flutter.embedding.engine.systemchannels.PlatformChannel$ClipboardContentFormat[] values()
androidx.window.embedding.ActivityStack: boolean equals(java.lang.Object)
androidx.window.layout.SidecarCompat$DistinctSidecarElementCallback: SidecarCompat$DistinctSidecarElementCallback(androidx.window.layout.SidecarAdapter,androidx.window.sidecar.SidecarInterface$SidecarCallback)
androidx.window.layout.DisplayCompatHelperApi17: void getRealSize(android.view.Display,android.graphics.Point)
androidx.window.layout.WindowInfoTracker$Companion: WindowInfoTracker$Companion()
io.flutter.embedding.android.FlutterView: io.flutter.embedding.engine.FlutterEngine getAttachedFlutterEngine()
io.flutter.embedding.engine.FlutterJNI: boolean getIsSoftwareRenderingEnabled()
androidx.core.graphics.drawable.IconCompat: IconCompat()
io.flutter.view.AccessibilityBridge$Flag: io.flutter.view.AccessibilityBridge$Flag[] values()
io.flutter.embedding.engine.FlutterJNI: io.flutter.embedding.engine.FlutterJNI spawn(java.lang.String,java.lang.String,java.lang.String,java.util.List)
io.flutter.embedding.engine.mutatorsstack.FlutterMutatorView: void setOnDescendantFocusChangeListener(android.view.View$OnFocusChangeListener)
androidx.window.embedding.SplitRuleParser: androidx.window.embedding.SplitPlaceholderRule parseSplitPlaceholderRule(android.content.Context,android.content.res.XmlResourceParser)
kotlin.coroutines.jvm.internal.ContinuationImpl: void releaseIntercepted()
io.flutter.embedding.engine.FlutterJNI: void onSurfaceDestroyed()
androidx.window.layout.WindowInfoTrackerImpl: kotlinx.coroutines.flow.Flow windowLayoutInfo(android.app.Activity)
io.flutter.view.AccessibilityViewEmbedder: android.view.accessibility.AccessibilityNodeInfo getRootNode(android.view.View,int,android.graphics.Rect)
io.flutter.embedding.engine.FlutterJNI: void nativeRegisterTexture(long,long,java.lang.ref.WeakReference)
androidx.window.layout.FoldingFeature$OcclusionType: java.lang.String toString()
kotlin.coroutines.jvm.internal.ContinuationImpl: kotlin.coroutines.Continuation intercepted()
io.flutter.embedding.engine.FlutterJNI: void nativeRunBundleAndSnapshotFromLibrary(long,java.lang.String,java.lang.String,java.lang.String,android.content.res.AssetManager,java.util.List)
androidx.window.embedding.EmbeddingCompat$Companion: java.lang.Integer getExtensionApiLevel()
io.flutter.embedding.engine.FlutterJNI: void dispatchPlatformMessage(java.lang.String,java.nio.ByteBuffer,int,int)
io.flutter.embedding.android.FlutterSplashView$SavedState: java.lang.String access$600(io.flutter.embedding.android.FlutterSplashView$SavedState)
io.flutter.embedding.engine.FlutterJNI: void invokePlatformMessageEmptyResponseCallback(int)
androidx.window.layout.SidecarCompat$TranslatingCallback: void onDeviceStateChanged(androidx.window.sidecar.SidecarDeviceState)
io.flutter.embedding.android.FlutterSplashView$SavedState: FlutterSplashView$SavedState(android.os.Parcel)
androidx.window.embedding.SplitPlaceholderRule: SplitPlaceholderRule(java.util.Set,android.content.Intent,int,int,float,int,int,kotlin.jvm.internal.DefaultConstructorMarker)