flutter/build/app/outputs/mapping/release/mapping.txt
# compiler: R8
# compiler_version: 3.1.66
# min_api: 16
# pg_map_id: 7c2a261
# common_typos_disable
# {"id":"com.android.tools.r8.mapping","version":"1.0"}
...
kotlin.text.StringsKt__StringsKt$rangesDelimitedBy$2 -> p0.n$a:
    java.util.List $delimitersList -> d
    boolean $ignoreCase -> e
    kotlin.Pair invoke(java.lang.CharSequence,int) -> a
kotlin.text.StringsKt__StringsKt$splitToSequence$1 -> p0.n$b:
    java.lang.CharSequence $this_splitToSequence -> d
    java.lang.String invoke(kotlin.ranges.IntRange) -> a
kotlin.text.StringsKt___StringsJvmKt -> p0.o:
kotlin.text.StringsKt___StringsKt -> p0.p:
    java.lang.String drop(java.lang.String,int) -> b0
kotlinx.coroutines.AbstractCoroutine -> q0.a:
    kotlin.coroutines.CoroutineContext context -> e
    java.lang.String cancellationExceptionMessage() -> C
    void handleOnCompletionException$kotlinx_coroutines_core(java.lang.Throwable) -> R
    java.lang.String nameString$kotlinx_coroutines_core() -> Y
    boolean isActive() -> a
    void onCompletionInternal(java.lang.Object) -> d0
    kotlin.coroutines.CoroutineContext getCoroutineContext() -> s
    void afterResume(java.lang.Object) -> t0
    void onCancelled(java.lang.Throwable,boolean) -> u0
    void onCompleted(java.lang.Object) -> v0
    void start(kotlinx.coroutines.CoroutineStart,java.lang.Object,kotlin.jvm.functions.Function2) -> w0
kotlinx.coroutines.AbstractTimeSource -> q0.b:
kotlinx.coroutines.AbstractTimeSourceKt -> q0.c:
    kotlinx.coroutines.AbstractTimeSource timeSource -> a
    kotlinx.coroutines.AbstractTimeSource getTimeSource() -> a
kotlinx.coroutines.Active -> q0.d:
    kotlinx.coroutines.Active INSTANCE -> d
kotlinx.coroutines.BeforeResumeCancelHandler -> q0.e:
kotlinx.coroutines.BlockingEventLoop -> q0.f:
    java.lang.Thread thread -> j
    java.lang.Thread getThread() -> A
kotlinx.coroutines.BuildersKt -> q0.g:
    kotlinx.coroutines.Job launch(kotlinx.coroutines.CoroutineScope,kotlin.coroutines.CoroutineContext,kotlinx.coroutines.CoroutineStart,kotlin.jvm.functions.Function2) -> a
    kotlinx.coroutines.Job launch$default(kotlinx.coroutines.CoroutineScope,kotlin.coroutines.CoroutineContext,kotlinx.coroutines.CoroutineStart,kotlin.jvm.functions.Function2,int,java.lang.Object) -> b
kotlinx.coroutines.BuildersKt__Builders_commonKt -> q0.h:
    kotlinx.coroutines.Job launch(kotlinx.coroutines.CoroutineScope,kotlin.coroutines.CoroutineContext,kotlinx.coroutines.CoroutineStart,kotlin.jvm.functions.Function2) -> a
    kotlinx.coroutines.Job launch$default(kotlinx.coroutines.CoroutineScope,kotlin.coroutines.CoroutineContext,kotlinx.coroutines.CoroutineStart,kotlin.jvm.functions.Function2,int,java.lang.Object) -> b
kotlinx.coroutines.CancelHandler -> q0.i:
kotlinx.coroutines.CancelHandlerBase -> q0.j:
    void invoke(java.lang.Throwable) -> a
kotlinx.coroutines.CancellableContinuation -> q0.k:
    void invokeOnCancellation(kotlin.jvm.functions.Function1) -> e
    java.lang.Object tryResume(java.lang.Object,java.lang.Object) -> g
    java.lang.Object tryResume(java.lang.Object,java.lang.Object,kotlin.jvm.functions.Function1) -> k
    void resume(java.lang.Object,kotlin.jvm.functions.Function1) -> l
    java.lang.Object tryResumeWithException(java.lang.Throwable) -> p
    void completeResume(java.lang.Object) -> r
kotlinx.coroutines.CancellableContinuation$DefaultImpls -> q0.k$a:
    java.lang.Object tryResume$default(kotlinx.coroutines.CancellableContinuation,java.lang.Object,java.lang.Object,int,java.lang.Object) -> a