flutter/build/app/outputs/mapping/release/usage.txt
com.example.localControl.BuildConfig
com.example.localControl.R$attr
com.example.localControl.R$color
com.example.localControl.R$dimen
com.example.localControl.R$drawable
com.example.localControl.R$id
com.example.localControl.R$integer
com.example.localControl.R$layout
com.example.localControl.R$mipmap
com.example.localControl.R$string
com.example.localControl.R$style
com.example.localControl.R$styleable
com.example.localControl.R
...
kotlin.jvm.internal.MutablePropertyReference2
kotlin.jvm.internal.MutablePropertyReference2Impl
kotlin.jvm.internal.MutablePropertyReference
kotlin.jvm.internal.PackageReference:
    public java.util.Collection getMembers()
kotlin.jvm.internal.PrimitiveSpreadBuilder
kotlin.jvm.internal.PropertyReference0
kotlin.jvm.internal.PropertyReference0Impl
kotlin.jvm.internal.PropertyReference1
kotlin.jvm.internal.PropertyReference1Impl
kotlin.jvm.internal.PropertyReference2
kotlin.jvm.internal.PropertyReference2Impl
kotlin.jvm.internal.PropertyReference
kotlin.jvm.internal.Ref$BooleanRef
kotlin.jvm.internal.Ref$ByteRef
kotlin.jvm.internal.Ref$CharRef
kotlin.jvm.internal.Ref$DoubleRef
kotlin.jvm.internal.Ref$FloatRef
kotlin.jvm.internal.Ref$IntRef
kotlin.jvm.internal.Ref$LongRef
kotlin.jvm.internal.Ref$ObjectRef
kotlin.jvm.internal.Ref$ShortRef
kotlin.jvm.internal.Ref
kotlin.jvm.internal.Reflection:
    static final java.lang.String REFLECTION_NOT_AVAILABLE
    public void <init>()
    public static kotlin.reflect.KClass createKotlinClass(java.lang.Class)
    public static kotlin.reflect.KClass createKotlinClass(java.lang.Class,java.lang.String)
    public static kotlin.reflect.KClass getOrCreateKotlinClass(java.lang.Class,java.lang.String)
    public static kotlin.reflect.KClass[] getOrCreateKotlinClasses(java.lang.Class[])
    public static kotlin.reflect.KDeclarationContainer getOrCreateKotlinPackage(java.lang.Class,java.lang.String)
    public static kotlin.reflect.KMutableProperty0 mutableProperty0(kotlin.jvm.internal.MutablePropertyReference0)
    public static kotlin.reflect.KMutableProperty1 mutableProperty1(kotlin.jvm.internal.MutablePropertyReference1)
    public static kotlin.reflect.KMutableProperty2 mutableProperty2(kotlin.jvm.internal.MutablePropertyReference2)
    public static kotlin.reflect.KType nullableTypeOf(java.lang.Class)
    public static kotlin.reflect.KType nullableTypeOf(java.lang.Class,kotlin.reflect.KTypeProjection)
    public static kotlin.reflect.KType nullableTypeOf(java.lang.Class,kotlin.reflect.KTypeProjection,kotlin.reflect.KTypeProjection)
    public static varargs kotlin.reflect.KType nullableTypeOf(java.lang.Class,kotlin.reflect.KTypeProjection[])
    public static kotlin.reflect.KType nullableTypeOf(kotlin.reflect.KClassifier)
kotlin.jvm.internal.ReflectionFactory:
    private static final java.lang.String KOTLIN_JVM_FUNCTIONS
    public kotlin.reflect.KClass createKotlinClass(java.lang.Class)
    public kotlin.reflect.KClass createKotlinClass(java.lang.Class,java.lang.String)
    public kotlin.reflect.KClass getOrCreateKotlinClass(java.lang.Class,java.lang.String)
    public kotlin.reflect.KMutableProperty0 mutableProperty0(kotlin.jvm.internal.MutablePropertyReference0)
    public kotlin.reflect.KMutableProperty1 mutableProperty1(kotlin.jvm.internal.MutablePropertyReference1)
    public kotlin.reflect.KMutableProperty2 mutableProperty2(kotlin.jvm.internal.MutablePropertyReference2)
    public kotlin.reflect.KProperty0 property0(kotlin.jvm.internal.PropertyReference0)
    public kotlin.reflect.KProperty1 property1(kotlin.jvm.internal.PropertyReference1)
    public kotlin.reflect.KProperty2 property2(kotlin.jvm.internal.PropertyReference2)
    public void setUpperBounds(kotlin.reflect.KTypeParameter,java.util.List)
    public kotlin.reflect.KType typeOf(kotlin.reflect.KClassifier,java.util.List,boolean)
    public kotlin.reflect.KTypeParameter typeParameter(java.lang.Object,java.lang.String,kotlin.reflect.KVariance,boolean)
kotlin.jvm.internal.ShortCompanionObject
kotlin.jvm.internal.ShortSpreadBuilder
kotlin.jvm.internal.SpreadBuilder
kotlin.jvm.internal.StringCompanionObject